<?xml version='1.0'?>
<ns2:test-suite xmlns:ns2='urn:model.allure.qatools.yandex.ru' start='1610895971456' stop='1610896109737'>
    <name>Register a new user</name>
    <title>Register a new user</title>
    <test-cases>
        <test-case start='1610895971457' status='passed' stop='1610896006534'>
            <name>TC_1.1:Try to create an account with already registered user</name>
            <title>TC_1.1:Try to create an account with already registered user</title>
            <labels>
                <label name='language' value='javascript'/>
                <label name='framework' value='wdio'/>
                <label name='thread' value='0-0'/>
            </labels>
            <parameters>
                <parameter kind='argument' name='browser' value='chrome-87.0.4280.141'/>
            </parameters>
            <steps>
                <step start='1610895997797' status='passed' stop='1610895997797'>
                    <name>Verify landing on create account page</name>
                    <title>Verify landing on create account page</title>
                    <attachments/>
                    <steps/>
                </step>
                <step start='1610895998065' status='passed' stop='1610895998065'>
                    <name>Enter email address</name>
                    <title>Enter email address</title>
                    <attachments/>
                    <steps/>
                </step>
                <step start='1610895998265' status='passed' stop='1610895998265'>
                    <name>Click on submit</name>
                    <title>Click on submit</title>
                    <attachments/>
                    <steps/>
                </step>
                <step start='1610895998427' status='passed' stop='1610895998427'>
                    <name>Validate Email is already registered with application</name>
                    <title>Validate Email is already registered with application</title>
                    <attachments/>
                    <steps/>
                </step>
            </steps>
            <attachments/>
        </test-case>
        <test-case start='1610896006534' status='broken' stop='1610896066544'>
            <name>TC_1.2:Register user to the website and validate user name on landing screen: Only mandatory fields are entered</name>
            <title>TC_1.2:Register user to the website and validate user name on landing screen: Only mandatory fields are entered</title>
            <labels>
                <label name='language' value='javascript'/>
                <label name='framework' value='wdio'/>
                <label name='thread' value='0-0'/>
            </labels>
            <parameters>
                <parameter kind='argument' name='browser' value='chrome-87.0.4280.141'/>
            </parameters>
            <steps>
                <step start='1610896026462' status='passed' stop='1610896026462'>
                    <name>Create An Account</name>
                    <title>Create An Account</title>
                    <attachments/>
                    <steps/>
                </step>
                <step start='1610896026464' status='passed' stop='1610896026464'>
                    <name>Enter email address</name>
                    <title>Enter email address</title>
                    <attachments/>
                    <steps/>
                </step>
                <step start='1610896026662' status='passed' stop='1610896026662'>
                    <name>Click on submit</name>
                    <title>Click on submit</title>
                    <attachments/>
                    <steps/>
                </step>
                <step start='1610896026789' status='passed' stop='1610896026789'>
                    <name>Verify landing on registration page</name>
                    <title>Verify landing on registration page</title>
                    <attachments/>
                    <steps/>
                </step>
                <step start='1610896034988' status='passed' stop='1610896034988'>
                    <name>Fill Personal Information</name>
                    <title>Fill Personal Information</title>
                    <attachments/>
                    <steps/>
                </step>
                <step start='1610896036978' status='passed' stop='1610896036978'>
                    <name>Click on Register Button</name>
                    <title>Click on Register Button</title>
                    <attachments/>
                    <steps/>
                </step>
                <step start='1610896049811' status='passed' stop='1610896049811'>
                    <name>Verify landing on the login page</name>
                    <title>Verify landing on the login page</title>
                    <attachments/>
                    <steps/>
                </step>
                <step start='1610896049909' status='passed' stop='1610896049909'>
                    <name>Verify links on the login page</name>
                    <title>Verify links on the login page</title>
                    <attachments/>
                    <steps/>
                </step>
                <step start='1610896050046' status='passed' stop='1610896050046'>
                    <name>Validate userName post login</name>
                    <title>Validate userName post login</title>
                    <attachments/>
                    <steps/>
                </step>
                <step start='1610896050099' status='passed' stop='1610896050099'>
                    <name>Logout</name>
                    <title>Logout</title>
                    <attachments/>
                    <steps/>
                </step>
            </steps>
            <attachments/>
            <failure>
                <message>Timeout of 60000ms exceeded. The execution in the test "Register a new user TC_1.2:Register user to the website and validate user name on landing screen: Only mandatory fields are entered" took too long. Try to reduce the run time or increase your timeout for test specs (https://webdriver.io/docs/timeouts.html). (D:\Rakshita_WebDriverIo\webdriverIo\test\specs\Register.js)</message>
                <stack-trace>Error: Timeout of 60000ms exceeded. The execution in the test "Register a new user TC_1.2:Register user to the website and validate user name on landing screen: Only mandatory fields are entered" took too long. Try to reduce the run time or increase your timeout for test specs (https://webdriver.io/docs/timeouts.html). (D:\Rakshita_WebDriverIo\webdriverIo\test\specs\Register.js)
                    at Test.Runnable._timeoutError (D:\Rakshita_WebDriverIo\webdriverIo\node_modules\mocha\lib\runnable.js:432:10)
                    at Timeout.&lt;anonymous> (D:\Rakshita_WebDriverIo\webdriverIo\node_modules\mocha\lib\runnable.js:244:24)
                    at listOnTimeout (internal/timers.js:554:17)
                    at processTimers (internal/timers.js:497:7)</stack-trace>
            </failure>
        </test-case>
        <test-case start='1610896066545' status='broken' stop='1610896085292'>
            <name>TC_1.3:Register user to the website and validate user name on landing screen</name>
            <title>TC_1.3:Register user to the website and validate user name on landing screen</title>
            <labels>
                <label name='language' value='javascript'/>
                <label name='framework' value='wdio'/>
                <label name='thread' value='0-0'/>
            </labels>
            <parameters>
                <parameter kind='argument' name='browser' value='chrome-87.0.4280.141'/>
            </parameters>
            <steps>
                <step start='1610896075216' status='passed' stop='1610896075216'>
                    <name>Create An Account</name>
                    <title>Create An Account</title>
                    <attachments/>
                    <steps/>
                </step>
                <step start='1610896075216' status='passed' stop='1610896075216'>
                    <name>Enter email address</name>
                    <title>Enter email address</title>
                    <attachments/>
                    <steps/>
                </step>
            </steps>
            <attachments/>
            <failure>
                <message>Can't call setValue on element with selector "#email_create" because element wasn't found</message>
                <stack-trace>Error: Can't call setValue on element with selector "#email_create" because element wasn't found
                    at Object.implicitWait [as default] (D:\Rakshita_WebDriverIo\webdriverIo\node_modules\webdriverio\build\utils\implicitWait.js:26:19)
                    at Element.runCommandWithHooks (D:\Rakshita_WebDriverIo\webdriverIo\node_modules\@wdio\sync\build\wrapCommand.js:65:24)
                    at Element.wrapCommandFn (D:\Rakshita_WebDriverIo\webdriverIo\node_modules\@wdio\sync\build\wrapCommand.js:44:44)
                    at Element.setValue (D:\Rakshita_WebDriverIo\webdriverIo\node_modules\webdriverio\build\middlewares.js:34:12)
                    at CreateAnAccountPage.enterEmailAddress (D:\Rakshita_WebDriverIo\webdriverIo\pageobjects\/login.page.js:59:24)
                    at CreateAnAccountPage.registerUserToWebsite (D:\Rakshita_WebDriverIo\webdriverIo\pageobjects\/login.page.js:51:10)
                    at Context.&lt;anonymous> (D:\Rakshita_WebDriverIo\webdriverIo\test\specs\/Register.js:41:31)
                    at Context.executeSync (D:\Rakshita_WebDriverIo\webdriverIo\node_modules\@wdio\sync\build\index.js:25:22)
                    at D:\Rakshita_WebDriverIo\webdriverIo\node_modules\@wdio\sync\build\index.js:46:68</stack-trace>
            </failure>
        </test-case>
        <test-case start='1610896085293' status='failed' stop='1610896109737'>
            <name>TC_1.4:Add product to the cart using already registered user and validate product details on payment page</name>
            <title>TC_1.4:Add product to the cart using already registered user and validate product details on payment page</title>
            <labels>
                <label name='language' value='javascript'/>
                <label name='framework' value='wdio'/>
                <label name='thread' value='0-0'/>
            </labels>
            <parameters>
                <parameter kind='argument' name='browser' value='chrome-87.0.4280.141'/>
            </parameters>
            <steps>
                <step start='1610896099706' status='passed' stop='1610896099707'>
                    <name>Verify landing on create account page</name>
                    <title>Verify landing on create account page</title>
                    <attachments/>
                    <steps/>
                </step>
            </steps>
            <attachments/>
            <failure>
                <message>Expect $(`//h1[contains(text(), "Authentication")]`) to have text
                
                Expected: "AUTHENTICATION"
                Received: undefined</message>
                <stack-trace>Error: Expect $(`//h1[contains(text(), "Authentication")]`) to have text
                
                Expected: "AUTHENTICATION"
                Received: undefined
                    at CreateAnAccountPage.verifyLanding (D:\Rakshita_WebDriverIo\webdriverIo\pageobjects\/login.page.js:35:32)
                    at Context.&lt;anonymous> (D:\Rakshita_WebDriverIo\webdriverIo\test\specs\/Register.js:53:19)
                    at Context.executeSync (D:\Rakshita_WebDriverIo\webdriverIo\node_modules\@wdio\sync\build\index.js:25:22)
                    at D:\Rakshita_WebDriverIo\webdriverIo\node_modules\@wdio\sync\build\index.js:46:68</stack-trace>
            </failure>
        </test-case>
    </test-cases>
</ns2:test-suite>